<?xml version="1.0" encoding="UTF-8"?>
<!-- Generated by org.testng.reporters.JUnitReportReporter -->
<testsuite skipped="0" hostname="Arpits-MacBook-Air.local" name="test_scripts.MMT_VerifyHomePageTitle" tests="1" failures="0" timestamp="09 Apr 2018 21:36:22 GMT" time="6.762" errors="0">
  <testcase name="verifyTitle" time="6.762" classname="test_scripts.MMT_VerifyHomePageTitle"/>
</testsuite> <!-- test_scripts.MMT_VerifyHomePageTitle -->
