<?xml version="1.0" encoding="UTF-8"?>
<!-- Generated by org.testng.reporters.JUnitReportReporter -->
<testsuite skipped="0" hostname="Arpits-MacBook-Air.local" name="test_scripts.Assignment_MMT" tests="1" failures="0" timestamp="07 Apr 2018 16:32:05 GMT" time="77.297" errors="0">
  <testcase name="MMT" time="77.297" classname="test_scripts.Assignment_MMT"/>
</testsuite> <!-- test_scripts.Assignment_MMT -->
