<?xml version="1.0" encoding="UTF-8"?>
<!-- Generated by org.testng.reporters.JUnitReportReporter -->
<testsuite skipped="0" hostname="Arpits-MacBook-Air.local" name="test_scripts.Assignment_MMT" tests="1" failures="0" timestamp="09 Apr 2018 21:36:22 GMT" time="66.087" errors="0">
  <testcase name="MMT_end_to_end" time="66.087" classname="test_scripts.Assignment_MMT"/>
</testsuite> <!-- test_scripts.Assignment_MMT -->
